TN:
SF:src/SuperVault.sol
FN:58,SuperVault.onlySuperVaultsStrategist
FNDA:4,SuperVault.onlySuperVaultsStrategist
DA:59,4
BRDA:59,0,0,-
DA:60,0
FN:68,SuperVault.
FNDA:6,SuperVault.
DA:78,6
BRDA:78,1,0,-
DA:79,0
DA:82,6
BRDA:82,2,0,-
DA:83,0
DA:86,6
DA:88,6
DA:89,6
DA:91,6
DA:92,6
BRDA:92,3,0,-
DA:93,0
DA:96,6
DA:98,6
DA:99,18
DA:101,18
DA:102,18
BRDA:102,4,0,-
DA:103,0
DA:106,6
BRDA:106,5,0,-
DA:108,6
DA:109,6
DA:110,6
FN:117,SuperVault.setRefundsReceiver
FNDA:0,SuperVault.setRefundsReceiver
DA:118,0
DA:120,0
FN:124,SuperVault.rebalance
FNDA:4,SuperVault.rebalance
DA:140,4
DA:141,3
DA:142,1
BRDA:142,6,0,1
DA:143,1
DA:147,3
DA:148,3
DA:149,6
BRDA:149,7,0,1
DA:150,1
DA:156,2
DA:166,2
DA:169,2
DA:171,2
DA:175,2
DA:178,2
DA:180,2
FN:183,SuperVault.getSuperVaultData
FNDA:3,SuperVault.getSuperVaultData
DA:188,3
FN:196,SuperVault.onERC1155Received
FNDA:0,SuperVault.onERC1155Received
DA:208,0
FN:211,SuperVault.onERC1155BatchReceived
FNDA:6,SuperVault.onERC1155BatchReceived
DA:223,6
FN:226,SuperVault.supportsInterface
FNDA:6,SuperVault.supportsInterface
DA:227,6
FN:233,SuperVault._deployFunds
FNDA:4,SuperVault._deployFunds
DA:234,4
DA:236,4
DA:240,4
DA:243,4
DA:245,4
DA:247,4
BRDA:247,8,0,-
FN:250,SuperVault._freeFunds
FNDA:2,SuperVault._freeFunds
DA:251,2
DA:253,2
DA:257,2
DA:262,2
DA:264,2
DA:267,2
FN:272,SuperVault._harvestAndReport
FNDA:1,SuperVault._harvestAndReport
DA:275,1
DA:276,1
DA:277,1
DA:278,1
DA:279,3
DA:280,3
DA:281,3
DA:284,1
FN:291,SuperVault._prepareMultiVaultData
FNDA:6,SuperVault._prepareMultiVaultData
DA:298,6
DA:300,6
DA:301,6
DA:302,6
DA:303,6
DA:304,6
DA:305,6
DA:306,6
DA:307,6
DA:308,6
DA:310,6
DA:311,18
DA:313,18
DA:314,18
DA:315,12
BRDA:315,9,0,12
BRDA:315,9,1,6
DA:316,12
DA:317,12
DA:319,6
DA:321,6
DA:324,18
DA:327,6
FN:331,SuperVault._getAddress
FNDA:18,SuperVault._getAddress
DA:332,18
FN:335,SuperVault._prepareRebalanceArgs
FNDA:2,SuperVault._prepareRebalanceArgs
DA:348,2
DA:349,2
DA:350,2
DA:351,2
DA:352,2
DA:353,2
DA:354,2
DA:356,2
DA:358,2
DA:362,2
DA:364,2
DA:373,2
DA:375,2
FN:378,SuperVault._prepareSingleDirectMultiVaultStateReq
FNDA:4,SuperVault._prepareSingleDirectMultiVaultStateReq
DA:389,4
DA:390,4
DA:391,4
DA:392,4
DA:393,4
DA:394,4
DA:395,4
DA:397,4
DA:398,6
DA:400,2
BRDA:400,10,0,2
BRDA:400,10,1,4
DA:401,2
DA:403,4
DA:406,6
DA:409,6
DA:410,6
DA:411,6
DA:413,4
DA:414,4
DA:416,4
DA:418,4
DA:420,4
FN:423,SuperVault._calculateAmounts
FNDA:2,SuperVault._calculateAmounts
DA:431,2
DA:432,2
DA:433,4
FN:437,SuperVault._updateSVData
FNDA:2,SuperVault._updateSVData
DA:438,2
DA:439,2
DA:440,2
DA:441,2
DA:444,2
DA:445,6
DA:446,6
DA:447,6
DA:448,6
DA:449,6
DA:453,2
DA:454,2
DA:455,4
DA:456,4
DA:459,2
DA:462,2
FNF:17
FNH:15
LF:138
LH:130
BRF:13
BRH:6
end_of_record
TN:
SF:src/vendor/BaseStrategy.sol
FN:46,BaseStrategy.onlySelf
FNDA:2,BaseStrategy.onlySelf
DA:47,2
FN:54,BaseStrategy.onlyManagement
FNDA:0,BaseStrategy.onlyManagement
DA:55,0
FN:63,BaseStrategy.onlyKeepers
FNDA:0,BaseStrategy.onlyKeepers
DA:64,0
FN:72,BaseStrategy.onlyEmergencyAuthorized
FNDA:0,BaseStrategy.onlyEmergencyAuthorized
DA:73,0
FN:80,BaseStrategy._onlySelf
FNDA:7,BaseStrategy._onlySelf
DA:81,7
BRDA:81,0,0,-
BRDA:81,0,1,7
FN:137,BaseStrategy.
FNDA:6,BaseStrategy.
DA:138,6
DA:141,6
DA:144,6
DA:152,6
FN:249,BaseStrategy._tend
FNDA:0,BaseStrategy._tend
FN:257,BaseStrategy._tendTrigger
FNDA:0,BaseStrategy._tendTrigger
DA:258,0
FN:267,BaseStrategy.tendTrigger
FNDA:0,BaseStrategy.tendTrigger
DA:268,0
FN:297,BaseStrategy.availableDepositLimit
FNDA:4,BaseStrategy.availableDepositLimit
DA:298,4
FN:319,BaseStrategy.availableWithdrawLimit
FNDA:2,BaseStrategy.availableWithdrawLimit
DA:320,2
FN:344,BaseStrategy._emergencyWithdraw
FNDA:0,BaseStrategy._emergencyWithdraw
FN:364,BaseStrategy.deployFunds
FNDA:4,BaseStrategy.deployFunds
DA:365,4
FN:378,BaseStrategy.freeFunds
FNDA:2,BaseStrategy.freeFunds
DA:379,2
FN:394,BaseStrategy.harvestAndReport
FNDA:1,BaseStrategy.harvestAndReport
DA:395,1
FN:411,BaseStrategy.tendThis
FNDA:0,BaseStrategy.tendThis
DA:412,0
FN:427,BaseStrategy.shutdownWithdraw
FNDA:0,BaseStrategy.shutdownWithdraw
DA:428,0
FN:442,BaseStrategy._delegateCall
FNDA:6,BaseStrategy._delegateCall
DA:444,6
DA:447,6
BRDA:447,1,0,-
DA:449,0
DA:450,0
DA:451,0
DA:452,0
DA:457,6
FN:471,BaseStrategy.
FNDA:24,BaseStrategy.
DA:473,24
DA:477,24
DA:479,24
DA:481,24
DA:484,24
DA:485,24
FNF:19
FNH:10
LF:31
LH:20
BRF:3
BRH:1
end_of_record
TN:
SF:src/vendor/TokenizedStrategy.sol
FN:227,TokenizedStrategy.onlyManagement
FNDA:0,TokenizedStrategy.onlyManagement
DA:228,0
FN:236,TokenizedStrategy.onlyKeepers
FNDA:1,TokenizedStrategy.onlyKeepers
DA:237,1
FN:245,TokenizedStrategy.onlyEmergencyAuthorized
FNDA:0,TokenizedStrategy.onlyEmergencyAuthorized
DA:246,0
FN:254,TokenizedStrategy.nonReentrant
FNDA:1,TokenizedStrategy.nonReentrant
DA:255,1
DA:257,1
BRDA:257,0,0,-
BRDA:257,0,1,-
DA:260,1
DA:265,1
FN:277,TokenizedStrategy.requireManagement
FNDA:0,TokenizedStrategy.requireManagement
DA:278,0
BRDA:278,1,0,-
BRDA:278,1,1,-
FN:290,TokenizedStrategy.requireKeeperOrManagement
FNDA:0,TokenizedStrategy.requireKeeperOrManagement
DA:291,1
DA:292,1
BRDA:292,2,0,-
BRDA:292,2,1,1
FN:304,TokenizedStrategy.requireEmergencyAuthorized
FNDA:0,TokenizedStrategy.requireEmergencyAuthorized
DA:305,0
DA:306,0
BRDA:306,3,0,-
BRDA:306,3,1,-
FN:369,TokenizedStrategy._strategyStorage
FNDA:44,TokenizedStrategy._strategyStorage
DA:372,44
DA:374,44
FN:400,TokenizedStrategy.initialize
FNDA:6,TokenizedStrategy.initialize
DA:410,6
DA:413,6
BRDA:413,4,0,-
BRDA:413,4,1,6
DA:416,6
DA:418,6
DA:420,6
DA:422,6
BRDA:422,5,0,-
BRDA:422,5,1,6
DA:423,6
DA:425,6
DA:428,6
DA:431,6
BRDA:431,6,0,-
BRDA:431,6,1,6
DA:433,6
BRDA:433,7,0,-
BRDA:433,7,1,6
DA:434,6
DA:437,6
DA:439,6
DA:442,6
BRDA:442,8,0,-
BRDA:442,8,1,6
DA:443,6
DA:445,6
DA:448,6
FN:462,TokenizedStrategy.deposit
FNDA:4,TokenizedStrategy.deposit
DA:464,4
DA:466,4
BRDA:466,9,0,-
BRDA:466,9,1,4
DA:468,4
BRDA:468,10,0,-
BRDA:468,10,1,4
DA:470,4
FN:480,TokenizedStrategy.mint
FNDA:0,TokenizedStrategy.mint
DA:482,0
DA:484,0
BRDA:484,11,0,-
BRDA:484,11,1,-
DA:486,0
BRDA:486,12,0,-
BRDA:486,12,1,-
DA:488,0
FN:500,TokenizedStrategy.withdraw
FNDA:0,TokenizedStrategy.withdraw
DA:501,0
FN:514,TokenizedStrategy.withdraw
FNDA:0,TokenizedStrategy.withdraw
DA:525,0
DA:526,0
BRDA:526,13,0,-
BRDA:526,13,1,-
DA:528,0
BRDA:528,14,0,-
BRDA:528,14,1,-
DA:531,0
FN:543,TokenizedStrategy.redeem
FNDA:2,TokenizedStrategy.redeem
DA:545,2
FN:558,TokenizedStrategy.redeem
FNDA:0,TokenizedStrategy.redeem
DA:569,2
DA:570,2
BRDA:570,15,0,-
BRDA:570,15,1,2
DA:571,2
DA:573,2
BRDA:573,16,0,-
BRDA:573,16,1,2
DA:576,2
FN:591,TokenizedStrategy.totalAssets
FNDA:0,TokenizedStrategy.totalAssets
DA:592,0
FN:606,TokenizedStrategy.totalSupply
FNDA:0,TokenizedStrategy.totalSupply
DA:607,0
FN:618,TokenizedStrategy.convertToShares
FNDA:1,TokenizedStrategy.convertToShares
DA:619,1
FN:630,TokenizedStrategy.convertToAssets
FNDA:0,TokenizedStrategy.convertToAssets
DA:631,0
FN:643,TokenizedStrategy.previewDeposit
FNDA:0,TokenizedStrategy.previewDeposit
DA:644,0
FN:657,TokenizedStrategy.previewMint
FNDA:0,TokenizedStrategy.previewMint
DA:658,0
FN:671,TokenizedStrategy.previewWithdraw
FNDA:2,TokenizedStrategy.previewWithdraw
DA:672,2
FN:684,TokenizedStrategy.previewRedeem
FNDA:0,TokenizedStrategy.previewRedeem
DA:685,0
FN:696,TokenizedStrategy.maxDeposit
FNDA:0,TokenizedStrategy.maxDeposit
DA:697,0
FN:708,TokenizedStrategy.maxMint
FNDA:0,TokenizedStrategy.maxMint
DA:709,0
FN:720,TokenizedStrategy.maxWithdraw
FNDA:0,TokenizedStrategy.maxWithdraw
DA:721,0
FN:732,TokenizedStrategy.maxRedeem
FNDA:0,TokenizedStrategy.maxRedeem
DA:733,0
FN:741,TokenizedStrategy._totalAssets
FNDA:11,TokenizedStrategy._totalAssets
DA:742,11
FN:746,TokenizedStrategy._totalSupply
FNDA:10,TokenizedStrategy._totalSupply
DA:747,10
FN:751,TokenizedStrategy._convertToShares
FNDA:8,TokenizedStrategy._convertToShares
DA:761,8
DA:762,8
DA:765,8
DA:767,3
FN:771,TokenizedStrategy._convertToAssets
FNDA:2,TokenizedStrategy._convertToAssets
DA:781,2
DA:783,2
FN:787,TokenizedStrategy._maxDeposit
FNDA:4,TokenizedStrategy._maxDeposit
DA:791,4
FN:795,TokenizedStrategy._maxMint
FNDA:0,TokenizedStrategy._maxMint
DA:799,0
DA:800,0
BRDA:800,20,0,-
DA:801,0
FN:806,TokenizedStrategy._maxWithdraw
FNDA:0,TokenizedStrategy._maxWithdraw
DA:808,0
DA:811,0
BRDA:811,21,0,-
BRDA:811,21,1,-
DA:813,0
DA:815,0
FN:820,TokenizedStrategy._maxRedeem
FNDA:2,TokenizedStrategy._maxRedeem
DA:822,2
DA:825,2
BRDA:825,22,0,2
BRDA:825,22,1,-
DA:826,2
DA:828,0
FN:850,TokenizedStrategy._deposit
FNDA:4,TokenizedStrategy._deposit
DA:851,4
BRDA:851,23,0,-
BRDA:851,23,1,4
DA:854,4
DA:857,4
DA:860,4
DA:863,4
DA:866,4
DA:868,4
FN:880,TokenizedStrategy._withdraw
FNDA:2,TokenizedStrategy._withdraw
DA:891,2
BRDA:891,24,0,-
BRDA:891,24,1,2
DA:892,2
BRDA:892,25,0,-
BRDA:892,25,1,2
DA:895,2
BRDA:895,26,0,-
DA:896,0
DA:900,2
DA:902,2
DA:903,2
DA:905,2
BRDA:905,27,0,2
DA:908,2
DA:912,2
DA:915,2
BRDA:915,28,0,2
DA:917,2
DA:920,2
BRDA:920,29,0,-
DA:922,0
BRDA:922,30,0,-
BRDA:922,30,1,-
DA:925,2
DA:930,2
DA:932,2
DA:935,2
DA:937,2
DA:940,2
FN:972,TokenizedStrategy.report
FNDA:1,TokenizedStrategy.report
DA:974,1
DA:981,1
DA:983,1
DA:986,1
DA:989,1
DA:990,1
DA:991,1
DA:992,1
DA:994,1
BRDA:994,31,0,-
BRDA:994,31,1,1
DA:997,0
DA:1002,0
DA:1005,0
DA:1006,0
DA:1008,0
BRDA:1008,32,0,-
DA:1012,0
DA:1014,0
DA:1018,0
DA:1020,0
DA:1022,0
BRDA:1022,33,0,-
DA:1025,0
DA:1027,0
DA:1031,0
DA:1036,0
DA:1041,0
BRDA:1041,34,0,-
DA:1044,0
DA:1048,0
BRDA:1048,35,0,-
BRDA:1048,35,1,-
DA:1051,0
DA:1053,0
BRDA:1053,36,0,-
DA:1056,0
DA:1063,1
DA:1067,1
BRDA:1067,37,0,1
DA:1070,1
DA:1079,1
BRDA:1079,38,0,-
DA:1080,0
DA:1085,1
DA:1086,1
BRDA:1086,39,0,-
BRDA:1086,39,1,-
DA:1087,0
DA:1088,0
DA:1090,0
BRDA:1090,40,0,-
DA:1094,0
DA:1101,0
DA:1102,0
DA:1105,0
DA:1108,0
DA:1112,1
DA:1116,1
DA:1117,1
DA:1120,1
FN:1132,TokenizedStrategy.unlockedShares
FNDA:0,TokenizedStrategy.unlockedShares
DA:1133,0
FN:1145,TokenizedStrategy._unlockedShares
FNDA:11,TokenizedStrategy._unlockedShares
DA:1146,11
DA:1147,11
BRDA:1147,41,0,-
BRDA:1147,41,1,11
DA:1149,0
DA:1151,11
BRDA:1151,42,0,-
DA:1153,0
FN:1180,TokenizedStrategy.tend
FNDA:0,TokenizedStrategy.tend
DA:1182,0
FN:1201,TokenizedStrategy.shutdownStrategy
FNDA:0,TokenizedStrategy.shutdownStrategy
DA:1202,0
DA:1204,0
FN:1220,TokenizedStrategy.emergencyWithdraw
FNDA:0,TokenizedStrategy.emergencyWithdraw
DA:1222,0
BRDA:1222,43,0,-
BRDA:1222,43,1,-
DA:1225,0
FN:1236,TokenizedStrategy.asset
FNDA:6,TokenizedStrategy.asset
DA:1237,6
FN:1244,TokenizedStrategy.apiVersion
FNDA:0,TokenizedStrategy.apiVersion
DA:1245,0
FN:1252,TokenizedStrategy.management
FNDA:0,TokenizedStrategy.management
DA:1253,0
FN:1260,TokenizedStrategy.pendingManagement
FNDA:0,TokenizedStrategy.pendingManagement
DA:1261,0
FN:1268,TokenizedStrategy.keeper
FNDA:0,TokenizedStrategy.keeper
DA:1269,0
FN:1276,TokenizedStrategy.emergencyAdmin
FNDA:0,TokenizedStrategy.emergencyAdmin
DA:1277,0
FN:1285,TokenizedStrategy.performanceFee
FNDA:0,TokenizedStrategy.performanceFee
DA:1286,0
FN:1293,TokenizedStrategy.performanceFeeRecipient
FNDA:0,TokenizedStrategy.performanceFeeRecipient
DA:1294,0
FN:1301,TokenizedStrategy.fullProfitUnlockDate
FNDA:0,TokenizedStrategy.fullProfitUnlockDate
DA:1302,0
FN:1310,TokenizedStrategy.profitUnlockingRate
FNDA:0,TokenizedStrategy.profitUnlockingRate
DA:1311,0
FN:1318,TokenizedStrategy.profitMaxUnlockTime
FNDA:0,TokenizedStrategy.profitMaxUnlockTime
DA:1319,0
FN:1326,TokenizedStrategy.lastReport
FNDA:0,TokenizedStrategy.lastReport
DA:1327,0
FN:1337,TokenizedStrategy.pricePerShare
FNDA:0,TokenizedStrategy.pricePerShare
DA:1338,0
DA:1339,0
FN:1346,TokenizedStrategy.isShutdown
FNDA:0,TokenizedStrategy.isShutdown
DA:1347,0
FN:1364,TokenizedStrategy.setPendingManagement
FNDA:0,TokenizedStrategy.setPendingManagement
DA:1365,0
BRDA:1365,44,0,-
BRDA:1365,44,1,-
DA:1366,0
DA:1368,0
FN:1375,TokenizedStrategy.acceptManagement
FNDA:0,TokenizedStrategy.acceptManagement
DA:1376,0
DA:1377,0
BRDA:1377,45,0,-
BRDA:1377,45,1,-
DA:1378,0
DA:1379,0
DA:1381,0
FN:1390,TokenizedStrategy.setKeeper
FNDA:0,TokenizedStrategy.setKeeper
DA:1391,0
DA:1393,0
FN:1402,TokenizedStrategy.setEmergencyAdmin
FNDA:0,TokenizedStrategy.setEmergencyAdmin
DA:1403,0
DA:1405,0
FN:1417,TokenizedStrategy.setPerformanceFee
FNDA:0,TokenizedStrategy.setPerformanceFee
DA:1418,0
BRDA:1418,46,0,-
BRDA:1418,46,1,-
DA:1419,0
DA:1421,0
FN:1432,TokenizedStrategy.setPerformanceFeeRecipient
FNDA:0,TokenizedStrategy.setPerformanceFeeRecipient
DA:1433,0
BRDA:1433,47,0,-
BRDA:1433,47,1,-
DA:1434,0
BRDA:1434,48,0,-
BRDA:1434,48,1,-
DA:1435,0
DA:1437,0
FN:1454,TokenizedStrategy.setProfitMaxUnlockTime
FNDA:0,TokenizedStrategy.setProfitMaxUnlockTime
DA:1456,0
BRDA:1456,49,0,-
BRDA:1456,49,1,-
DA:1457,0
DA:1460,0
BRDA:1460,50,0,-
DA:1461,0
DA:1462,0
BRDA:1462,51,0,-
DA:1464,0
DA:1467,0
DA:1468,0
DA:1471,0
DA:1473,0
FN:1484,TokenizedStrategy.name
FNDA:0,TokenizedStrategy.name
DA:1485,0
FN:1493,TokenizedStrategy.symbol
FNDA:0,TokenizedStrategy.symbol
DA:1494,0
FN:1501,TokenizedStrategy.decimals
FNDA:0,TokenizedStrategy.decimals
DA:1502,0
FN:1512,TokenizedStrategy.balanceOf
FNDA:8,TokenizedStrategy.balanceOf
DA:1513,8
FN:1517,TokenizedStrategy._balanceOf
FNDA:10,TokenizedStrategy._balanceOf
DA:1518,10
BRDA:1518,52,0,-
DA:1519,0
DA:1521,10
FN:1537,TokenizedStrategy.transfer
FNDA:0,TokenizedStrategy.transfer
DA:1538,0
DA:1539,0
FN:1552,TokenizedStrategy.allowance
FNDA:0,TokenizedStrategy.allowance
DA:1553,0
FN:1557,TokenizedStrategy._allowance
FNDA:0,TokenizedStrategy._allowance
DA:1558,0
FN:1585,TokenizedStrategy.approve
FNDA:0,TokenizedStrategy.approve
DA:1586,0
DA:1587,0
FN:1617,TokenizedStrategy.transferFrom
FNDA:0,TokenizedStrategy.transferFrom
DA:1618,0
DA:1619,0
DA:1620,0
DA:1621,0
FN:1640,TokenizedStrategy._transfer
FNDA:0,TokenizedStrategy._transfer
DA:1641,0
BRDA:1641,53,0,-
BRDA:1641,53,1,-
DA:1642,0
BRDA:1642,54,0,-
BRDA:1642,54,1,-
DA:1643,0
BRDA:1643,55,0,-
BRDA:1643,55,1,-
DA:1645,0
DA:1647,0
DA:1650,0
FN:1664,TokenizedStrategy._mint
FNDA:4,TokenizedStrategy._mint
DA:1665,4
BRDA:1665,56,0,-
BRDA:1665,56,1,4
DA:1667,4
DA:1669,4
DA:1671,4
FN:1685,TokenizedStrategy._burn
FNDA:2,TokenizedStrategy._burn
DA:1686,2
BRDA:1686,57,0,-
BRDA:1686,57,1,2
DA:1688,2
DA:1690,2
DA:1692,2
FN:1708,TokenizedStrategy._approve
FNDA:0,TokenizedStrategy._approve
DA:1709,0
BRDA:1709,58,0,-
BRDA:1709,58,1,-
DA:1710,0
BRDA:1710,59,0,-
BRDA:1710,59,1,-
DA:1712,0
DA:1713,0
FN:1724,TokenizedStrategy._spendAllowance
FNDA:0,TokenizedStrategy._spendAllowance
DA:1725,0
DA:1726,0
BRDA:1726,60,0,-
DA:1727,0
BRDA:1727,61,0,-
BRDA:1727,61,1,-
DA:1729,0
FN:1748,TokenizedStrategy.nonces
FNDA:0,TokenizedStrategy.nonces
DA:1749,0
FN:1773,TokenizedStrategy.permit
FNDA:0,TokenizedStrategy.permit
DA:1784,0
BRDA:1784,62,0,-
BRDA:1784,62,1,-
DA:1789,0
DA:1813,0
BRDA:1813,63,0,-
BRDA:1813,63,1,-
DA:1815,0
FN:1829,TokenizedStrategy.DOMAIN_SEPARATOR
FNDA:0,TokenizedStrategy.DOMAIN_SEPARATOR
DA:1830,0
DA:1831,0
FN:1843,TokenizedStrategy._computeDomainSeparator
FNDA:6,TokenizedStrategy._computeDomainSeparator
DA:1844,6
FN:1864,TokenizedStrategy.
FNDA:6,TokenizedStrategy.
DA:1865,6
DA:1866,6
FNF:84
FNH:25
LF:262
LH:113
BRF:105
BRH:21
end_of_record
