TN:
SF:script/forge-scripts/Deploy.SuperVault.s.sol
FN:11,MainnetDeploySuperVault.deploySuperVault
FNDA:0,MainnetDeploySuperVault.deploySuperVault
DA:12,0
DA:14,0
DA:16,0
BRDA:16,0,0,-
BRDA:16,0,1,-
DA:17,0
BRDA:17,1,0,-
BRDA:17,1,1,-
DA:18,0
DA:20,0
DA:23,0
BRDA:23,2,0,-
BRDA:23,2,1,-
DA:24,0
DA:26,0
DA:30,0
BRDA:30,3,0,-
BRDA:30,3,1,-
DA:36,0
DA:37,0
DA:39,0
DA:40,0
DA:43,0
DA:44,0
DA:46,0
DA:56,0
DA:58,0
FNF:1
FNH:0
LF:19
LH:0
BRF:8
BRH:0
end_of_record
TN:
SF:script/forge-scripts/Deploy.SuperVaultFactory.s.sol
FN:9,MainnetDeploySuperVaultFactory.deploySuperVaultFactory
FNDA:0,MainnetDeploySuperVaultFactory.deploySuperVaultFactory
DA:10,0
DA:12,0
DA:14,0
BRDA:14,0,0,-
BRDA:14,0,1,-
DA:15,0
BRDA:15,1,0,-
BRDA:15,1,1,-
DA:16,0
DA:18,0
DA:21,0
BRDA:21,2,0,-
BRDA:21,2,1,-
DA:22,0
DA:24,0
DA:28,0
BRDA:28,3,0,-
BRDA:28,3,1,-
DA:31,0
DA:33,0
FNF:1
FNH:0
LF:12
LH:0
BRF:8
BRH:0
end_of_record
TN:
SF:src/SuperVault.sol
FN:64,SuperVault.onlySuperVaultsStrategist
FNDA:212,SuperVault.onlySuperVaultsStrategist
DA:65,212
BRDA:65,0,0,-
DA:66,0
FN:81,SuperVault.
FNDA:52,SuperVault.
DA:92,52
DA:94,52
DA:95,52
DA:97,52
DA:99,52
BRDA:99,1,0,-
DA:100,0
DA:103,52
DA:104,52
DA:106,52
DA:108,152
DA:110,152
BRDA:110,2,0,1
DA:111,1
DA:114,151
BRDA:114,3,0,1
DA:115,1
DA:118,150
DA:121,50
BRDA:121,4,0,1
DA:123,49
DA:125,49
DA:126,49
DA:127,49
DA:128,49
FN:137,SuperVault.setDepositLimit
FNDA:2,SuperVault.setDepositLimit
DA:138,1
DA:140,1
FN:145,SuperVault.setStrategist
FNDA:1,SuperVault.setStrategist
DA:146,1
DA:148,1
FN:152,SuperVault.rebalance
FNDA:212,SuperVault.rebalance
DA:153,212
DA:154,212
DA:155,212
DA:157,212
BRDA:157,5,0,1
DA:158,211
BRDA:158,6,0,-
DA:161,211
BRDA:161,7,0,1
DA:162,1
DA:167,210
DA:168,210
DA:170,210
DA:171,215
DA:172,223
BRDA:172,8,0,214
DA:173,214
DA:174,214
DA:179,210
BRDA:179,9,0,1
DA:180,1
DA:183,209
DA:184,5
BRDA:184,10,0,1
DA:185,1
DA:189,208
DA:190,208
BRDA:190,11,0,1
DA:191,1
DA:196,207
DA:204,206
DA:205,206
DA:208,206
DA:210,206
DA:215,206
FN:219,SuperVault.forwardDustToPaymaster
FNDA:3,SuperVault.forwardDustToPaymaster
DA:220,2
DA:221,2
DA:223,2
DA:224,2
BRDA:224,12,0,1
DA:225,1
DA:226,1
FN:235,SuperVault.getSuperVaultData
FNDA:208,SuperVault.getSuperVaultData
DA:240,208
FN:244,SuperVault.onERC1155Received
FNDA:1,SuperVault.onERC1155Received
DA:256,1
FN:260,SuperVault.onERC1155BatchReceived
FNDA:441,SuperVault.onERC1155BatchReceived
DA:272,441
FN:278,SuperVault.supportsInterface
FNDA:441,SuperVault.supportsInterface
DA:279,441
FN:283,SuperVault.availableDepositLimit
FNDA:236,SuperVault.availableDepositLimit
DA:284,236
DA:285,236
DA:286,236
FN:295,SuperVault._deployFunds
FNDA:235,SuperVault._deployFunds
DA:296,235
DA:297,235
DA:299,235
DA:303,235
DA:306,235
DA:308,235
DA:310,235
BRDA:310,13,0,197
FN:315,SuperVault._freeFunds
FNDA:2,SuperVault._freeFunds
DA:316,2
DA:317,2
DA:318,2
DA:322,2
DA:327,2
DA:329,2
FN:334,SuperVault._harvestAndReport
FNDA:1,SuperVault._harvestAndReport
DA:335,1
DA:336,1
DA:337,1
DA:339,1
DA:341,1
DA:342,3
DA:345,3
DA:346,3
DA:349,1
FN:360,SuperVault._prepareMultiVaultData
FNDA:237,SuperVault._prepareMultiVaultData
DA:368,237
DA:370,237
DA:371,237
DA:372,237
DA:373,237
DA:374,237
DA:375,237
DA:376,237
DA:377,237
DA:378,237
DA:381,237
DA:382,237
DA:384,237
DA:385,711
DA:387,711
DA:388,711
DA:390,705
BRDA:390,14,0,705
BRDA:390,14,1,6
DA:392,705
DA:393,705
DA:396,6
DA:398,6
DA:401,711
FN:406,SuperVault._getAddress
FNDA:1273,SuperVault._getAddress
DA:407,1273
FN:416,SuperVault._prepareRebalanceArgs
FNDA:207,SuperVault._prepareRebalanceArgs
DA:427,207
DA:428,207
DA:429,207
DA:430,207
DA:431,207
DA:433,207
DA:434,207
DA:437,207
DA:440,207
DA:441,207
DA:443,206
DA:448,206
DA:449,206
FN:459,SuperVault._prepareSingleDirectMultiVaultStateReq
FNDA:413,SuperVault._prepareSingleDirectMultiVaultStateReq
DA:469,413
DA:470,413
DA:471,413
DA:473,413
DA:475,413
DA:476,413
DA:477,413
DA:478,413
DA:480,413
DA:481,621
DA:483,210
BRDA:483,15,0,210
BRDA:483,15,1,411
DA:484,210
DA:486,411
DA:489,621
DA:491,621
DA:492,621
DA:493,621
DA:496,413
DA:497,413
DA:499,413
DA:501,413
DA:503,413
FN:510,SuperVault._calculateAmounts
FNDA:206,SuperVault._calculateAmounts
DA:518,206
DA:519,206
DA:520,411
FN:529,SuperVault._filterNonZeroWeights
FNDA:207,SuperVault._filterNonZeroWeights
DA:537,207
DA:538,207
DA:539,207
DA:540,414
BRDA:540,16,0,412
DA:541,412
DA:545,207
DA:546,207
DA:548,207
DA:549,207
DA:550,207
DA:551,414
BRDA:551,17,0,412
DA:552,412
DA:553,412
DA:554,412
DA:555,412
DA:558,207
BRDA:558,18,0,1
FN:564,SuperVault._updateSVData
FNDA:208,SuperVault._updateSVData
DA:565,208
DA:567,208
DA:568,208
BRDA:568,19,0,-
DA:570,208
DA:573,208
DA:574,208
DA:575,208
DA:576,208
DA:579,208
DA:580,415
BRDA:580,20,0,1
DA:581,1
DA:584,414
DA:586,414
BRDA:586,21,0,1
DA:587,1
DA:590,413
DA:591,413
DA:593,413
DA:594,413
DA:598,206
DA:599,206
DA:600,207
DA:601,207
DA:605,206
DA:608,206
DA:609,206
DA:610,206
DA:612,206
FNF:21
FNH:21
LF:194
LH:192
BRF:24
BRH:20
end_of_record
TN:
SF:src/SuperVaultFactory.sol
FN:48,SuperVaultFactory.onlyManagement
FNDA:12,SuperVaultFactory.onlyManagement
DA:49,12
BRDA:49,0,0,-
DA:50,0
FN:60,SuperVaultFactory.
FNDA:7,SuperVaultFactory.
DA:63,7
BRDA:63,1,0,-
DA:64,0
DA:66,7
DA:67,7
FN:76,SuperVaultFactory.createSuperVault
FNDA:12,SuperVaultFactory.createSuperVault
DA:84,12
BRDA:84,2,0,2
DA:85,2
DA:88,10
DA:90,10
BRDA:90,3,0,1
DA:91,1
DA:94,9
BRDA:94,4,0,1
DA:95,1
DA:98,8
DA:106,8
DA:118,7
DA:119,7
DA:120,7
BRDA:120,5,0,-
DA:121,0
DA:124,7
DA:125,7
DA:127,7
FN:135,SuperVaultFactory.isSuperVault
FNDA:1,SuperVaultFactory.isSuperVault
DA:136,1
FN:139,SuperVaultFactory.getSuperVaultData
FNDA:1,SuperVaultFactory.getSuperVaultData
DA:140,1
FN:144,SuperVaultFactory.getSuperformIds
FNDA:1,SuperVaultFactory.getSuperformIds
DA:145,1
DA:146,1
FN:150,SuperVaultFactory.getSuperVaultCount
FNDA:2,SuperVaultFactory.getSuperVaultCount
DA:151,2
FN:159,SuperVaultFactory._getAddress
FNDA:0,SuperVaultFactory._getAddress
DA:160,0
FNF:8
FNH:7
LF:28
LH:24
BRF:6
BRH:3
end_of_record
TN:
SF:test/SuperVault.t.sol
FN:15,SuperVaultHarness.
FNDA:21,SuperVaultHarness.
FN:27,SuperVaultHarness.updateSVData
FNDA:2,SuperVaultHarness.updateSVData
DA:28,2
FNF:2
FNH:2
LF:1
LH:1
BRF:0
BRH:0
end_of_record
